TN:
SF:src\components\common\Icon\Icon.tsx
FN:8,(anonymous_7)
FNF:1
FNH:1
FNDA:9,(anonymous_7)
DA:1,1
DA:2,1
DA:4,1
DA:5,1
DA:8,1
DA:15,9
DA:17,9
DA:29,1
LF:8
LH:8
BRDA:11,0,0,7
BRDA:23,1,0,0
BRDA:23,1,1,9
BRF:3
BRH:2
end_of_record
TN:
SF:src\components\common\Icon\index.ts
FN:1,(anonymous_1)
FN:3,(anonymous_2)
FNF:2
FNH:2
FNDA:15,(anonymous_1)
FNDA:15,(anonymous_2)
DA:1,16
DA:3,16
LF:2
LH:2
BRF:0
BRH:0
end_of_record
TN:
SF:src\components\common\Icon\icons\index.ts
FN:5,(anonymous_1)
FNF:1
FNH:1
FNDA:1,(anonymous_1)
DA:1,1
DA:2,1
DA:3,1
DA:5,1
DA:6,1
DA:7,1
DA:8,1
DA:11,1
LF:8
LH:8
BRDA:5,0,0,1
BRDA:5,0,1,1
BRF:2
BRH:2
end_of_record
TN:
SF:src\components\common\PhoneInput\PhoneInput.tsx
FN:16,(anonymous_1)
FN:26,(anonymous_2)
FN:30,(anonymous_3)
FNF:3
FNH:3
FNDA:12,(anonymous_1)
FNDA:12,(anonymous_2)
FNDA:8,(anonymous_3)
DA:1,1
DA:2,1
DA:3,1
DA:5,1
DA:7,1
DA:9,1
DA:10,1
DA:11,1
DA:12,1
DA:13,1
DA:15,1
DA:25,12
DA:26,12
DA:30,12
DA:31,8
DA:32,4
DA:36,12
DA:38,12
DA:73,1
LF:19
LH:19
BRDA:21,0,0,11
BRDA:22,1,0,9
BRDA:31,2,0,4
BRDA:31,2,1,4
BRDA:48,3,0,12
BRDA:48,3,1,12
BRDA:59,4,0,12
BRDA:59,4,1,3
BRDA:59,4,2,2
BRDA:62,5,0,1
BRDA:62,5,1,1
BRF:11
BRH:11
end_of_record
TN:
SF:src\components\common\PhoneInput\types.ts
FN:8,(anonymous_0)
FNF:1
FNH:1
FNDA:1,(anonymous_0)
DA:8,1
DA:9,1
DA:10,1
DA:11,1
LF:4
LH:4
BRDA:8,0,0,1
BRDA:8,0,1,1
BRF:2
BRH:2
end_of_record
TN:
SF:src\components\common\PhoneInput\utils.ts
FN:3,(anonymous_0)
FN:8,(anonymous_1)
FN:12,(anonymous_2)
FN:13,(anonymous_3)
FN:18,(anonymous_4)
FN:22,(anonymous_5)
FN:48,(anonymous_6)
FN:53,(anonymous_7)
FN:79,(anonymous_8)
FN:96,(anonymous_9)
FN:102,(anonymous_10)
FN:106,(anonymous_11)
FN:121,(anonymous_12)
FN:152,(anonymous_13)
FN:158,(anonymous_14)
FN:160,(anonymous_15)
FNF:16
FNH:15
FNDA:50,(anonymous_0)
FNDA:36,(anonymous_1)
FNDA:108,(anonymous_2)
FNDA:0,(anonymous_3)
FNDA:52,(anonymous_4)
FNDA:69,(anonymous_5)
FNDA:29,(anonymous_6)
FNDA:40,(anonymous_7)
FNDA:32,(anonymous_8)
FNDA:4,(anonymous_9)
FNDA:40,(anonymous_10)
FNDA:26,(anonymous_11)
FNDA:42,(anonymous_12)
FNDA:69,(anonymous_13)
FNDA:16,(anonymous_14)
FNDA:32,(anonymous_15)
DA:3,2
DA:4,50
DA:8,2
DA:9,36
DA:11,36
DA:12,108
DA:13,0
DA:18,2
DA:19,52
DA:22,2
DA:23,69
DA:24,69
DA:25,69
DA:27,69
DA:28,952
DA:29,687
DA:30,687
DA:31,687
DA:32,687
DA:35,265
DA:37,265
DA:38,331
DA:39,331
DA:42,265
DA:45,69
DA:48,2
DA:49,29
DA:50,29
DA:52,29
DA:53,40
DA:56,25
DA:57,25
DA:59,25
DA:60,345
DA:61,96
DA:62,96
DA:65,249
DA:67,249
DA:69,249
DA:70,63
DA:72,186
DA:76,25
DA:79,2
DA:80,32
DA:81,32
DA:82,32
DA:84,32
DA:85,440
DA:86,122
DA:88,318
DA:89,318
DA:93,32
DA:96,2
DA:97,4
DA:99,4
DA:102,40
DA:106,2
DA:107,26
DA:108,0
DA:111,26
DA:112,15
DA:115,11
DA:117,11
DA:121,2
DA:122,42
DA:123,14
DA:126,28
DA:127,28
DA:128,28
DA:130,28
DA:131,2
DA:134,26
DA:136,26
DA:137,19
DA:139,19
DA:142,7
DA:143,7
DA:144,7
DA:145,7
DA:146,7
DA:148,7
DA:152,69
DA:154,7
DA:158,2
DA:159,16
DA:160,32
DA:163,16
LF:87
LH:85
BRDA:19,0,0,52
BRDA:19,0,1,0
BRDA:19,1,0,52
BRDA:19,1,1,52
BRDA:28,2,0,687
BRDA:28,2,1,265
BRDA:37,3,0,596
BRDA:37,3,1,596
BRDA:52,4,0,4
BRDA:52,4,1,25
BRDA:60,5,0,96
BRDA:60,5,1,249
BRDA:69,6,0,63
BRDA:69,6,1,186
BRDA:69,7,0,249
BRDA:69,7,1,249
BRDA:85,8,0,122
BRDA:85,8,1,318
BRDA:88,9,0,318
BRDA:88,9,1,195
BRDA:107,10,0,0
BRDA:107,10,1,26
BRDA:111,11,0,15
BRDA:111,11,1,11
BRDA:117,12,0,11
BRDA:117,12,1,11
BRDA:122,13,0,14
BRDA:122,13,1,28
BRDA:122,14,0,42
BRDA:122,14,1,29
BRDA:127,15,0,28
BRDA:127,15,1,0
BRDA:128,16,0,28
BRDA:128,16,1,0
BRDA:128,17,0,28
BRDA:128,17,1,28
BRDA:130,18,0,2
BRDA:130,18,1,26
BRDA:134,19,0,26
BRDA:134,19,1,0
BRDA:136,20,0,19
BRDA:136,20,1,7
BRDA:143,21,0,7
BRDA:143,21,1,0
BRDA:148,22,0,7
BRDA:148,22,1,0
BRDA:152,23,0,62
BRDA:152,23,1,7
BRDA:152,24,0,69
BRDA:152,24,1,69
BRF:50
BRH:43
end_of_record
TN:
SF:src\components\common\PhoneInput\DigitField\DigitField.tsx
FN:10,(anonymous_1)
FN:22,(anonymous_2)
FN:28,(anonymous_3)
FNF:3
FNH:2
FNDA:120,(anonymous_1)
FNDA:1,(anonymous_2)
FNDA:0,(anonymous_3)
DA:1,1
DA:2,1
DA:4,1
DA:6,1
DA:9,1
DA:22,120
DA:23,1
DA:25,1
DA:28,120
DA:29,0
DA:30,0
DA:33,0
DA:35,0
DA:36,0
DA:39,0
DA:40,0
DA:43,120
DA:64,1
LF:18
LH:11
BRDA:15,0,0,0
BRDA:18,1,0,0
BRDA:29,2,0,0
BRDA:29,2,1,0
BRDA:35,3,0,0
BRDA:35,3,1,0
BRF:6
BRH:0
end_of_record
TN:
SF:src\components\common\PhoneInput\DigitField\index.ts
FN:1,(anonymous_0)
FNF:1
FNH:1
FNDA:120,(anonymous_0)
DA:1,121
LF:1
LH:1
BRF:0
BRH:0
end_of_record
TN:
SF:src\components\common\PhoneInput\MaskDigitField\MaskDigitField.tsx
FN:10,(anonymous_1)
FN:18,(anonymous_2)
FN:22,(anonymous_3)
FN:26,(anonymous_4)
FN:30,(anonymous_5)
FN:41,(anonymous_6)
FN:52,(anonymous_7)
FN:100,(anonymous_8)
FN:112,(anonymous_9)
FN:118,(anonymous_10)
FN:119,(anonymous_11)
FN:120,(anonymous_12)
FNF:12
FNH:10
FNDA:12,(anonymous_1)
FNDA:8,(anonymous_2)
FNDA:1,(anonymous_3)
FNDA:1,(anonymous_4)
FNDA:1,(anonymous_5)
FNDA:0,(anonymous_6)
FNDA:1,(anonymous_7)
FNDA:167,(anonymous_8)
FNDA:240,(anonymous_9)
FNDA:1,(anonymous_10)
FNDA:0,(anonymous_11)
FNDA:1,(anonymous_12)
DA:1,1
DA:3,1
DA:4,1
DA:5,1
DA:7,1
DA:10,1
DA:17,12
DA:18,12
DA:20,12
DA:22,12
DA:23,1
DA:26,12
DA:27,1
DA:30,12
DA:31,1
DA:33,1
DA:34,1
DA:36,1
DA:37,1
DA:41,12
DA:42,0
DA:44,0
DA:45,0
DA:48,0
DA:49,0
DA:52,12
DA:53,1
DA:55,0
DA:57,0
DA:58,0
DA:60,0
DA:61,0
DA:62,0
DA:63,0
DA:64,0
DA:66,0
DA:67,0
DA:70,0
DA:72,0
DA:73,0
DA:74,0
DA:77,0
DA:79,0
DA:80,0
DA:81,0
DA:84,0
DA:87,0
DA:89,0
DA:91,0
DA:92,0
DA:93,0
DA:98,12
DA:101,167
DA:102,47
DA:109,120
DA:113,240
DA:118,1
DA:119,0
DA:120,1
LF:59
LH:29
BRDA:14,0,0,0
BRDA:15,1,0,0
BRDA:27,2,0,0
BRDA:27,2,1,1
BRDA:27,3,0,1
BRDA:27,3,1,1
BRDA:36,4,0,1
BRDA:36,4,1,0
BRDA:36,5,0,1
BRDA:36,5,1,1
BRDA:44,6,0,0
BRDA:44,6,1,0
BRDA:53,7,0,0
BRDA:53,7,1,0
BRDA:53,7,2,0
BRDA:53,7,3,0
BRDA:57,8,0,0
BRDA:57,8,1,0
BRDA:62,9,0,0
BRDA:62,9,1,0
BRDA:72,10,0,0
BRDA:72,10,1,0
BRDA:79,11,0,0
BRDA:79,11,1,0
BRDA:101,12,0,47
BRDA:101,12,1,120
BRF:26
BRH:8
end_of_record
TN:
SF:src\components\common\PhoneInput\MaskDigitField\index.ts
FN:1,(anonymous_0)
FNF:1
FNH:1
FNDA:12,(anonymous_0)
DA:1,13
LF:1
LH:1
BRF:0
BRH:0
end_of_record
TN:
SF:src\components\common\PhoneInput\RegionSelector\RegionItem.tsx
FN:10,(anonymous_1)
FNF:1
FNH:1
FNDA:3,(anonymous_1)
DA:1,1
DA:2,1
DA:4,1
DA:6,1
DA:9,1
DA:11,3
DA:38,1
LF:7
LH:7
BRDA:10,0,0,0
BRDA:10,1,0,3
BRF:2
BRH:1
end_of_record
TN:
SF:src\components\common\PhoneInput\RegionSelector\RegionSelector.tsx
FN:15,(anonymous_1)
FN:22,(anonymous_2)
FN:36,(anonymous_3)
FN:85,(anonymous_4)
FN:91,(anonymous_5)
FNF:5
FNH:5
FNDA:13,(anonymous_1)
FNDA:14,(anonymous_2)
FNDA:1,(anonymous_3)
FNDA:3,(anonymous_4)
FNDA:1,(anonymous_5)
DA:1,1
DA:2,1
DA:3,1
DA:5,1
DA:6,1
DA:8,1
DA:9,1
DA:11,1
DA:12,1
DA:15,1
DA:22,14
DA:33,13
DA:36,1
DA:40,13
DA:86,3
DA:91,1
LF:16
LH:16
BRDA:19,0,0,0
BRDA:20,1,0,0
BRDA:22,2,0,0
BRDA:22,2,1,14
BRDA:22,3,0,14
BRDA:22,3,1,14
BRDA:56,4,0,13
BRDA:56,4,1,13
BRDA:73,5,0,13
BRDA:73,5,1,1
BRDA:90,6,0,0
BRDA:90,6,1,3
BRDA:90,7,0,3
BRDA:90,7,1,3
BRF:14
BRH:10
end_of_record
TN:
SF:src\components\common\PhoneInput\RegionSelector\index.ts
FN:1,(anonymous_0)
FNF:1
FNH:1
FNDA:12,(anonymous_0)
DA:1,13
LF:1
LH:1
BRF:0
BRH:0
end_of_record
TN:
SF:src\components\common\PhoneInput\__fixtures__\masks.ts
FNF:0
FNH:0
DA:3,2
LF:1
LH:1
BRF:0
BRH:0
end_of_record
TN:
SF:src\components\common\PhoneInput\store\PhoneInputStore.ts
FN:26,(anonymous_0)
FN:74,(anonymous_1)
FN:82,(anonymous_2)
FN:86,(anonymous_3)
FN:96,(anonymous_4)
FN:98,(anonymous_5)
FN:42,(anonymous_6)
FN:46,(anonymous_7)
FN:50,(anonymous_8)
FN:64,(anonymous_9)
FNF:10
FNH:10
FNDA:19,(anonymous_0)
FNDA:5,(anonymous_1)
FNDA:2,(anonymous_2)
FNDA:2,(anonymous_3)
FNDA:7,(anonymous_4)
FNDA:4,(anonymous_5)
FNDA:7,(anonymous_6)
FNDA:18,(anonymous_7)
FNDA:15,(anonymous_8)
FNDA:11,(anonymous_9)
DA:1,2
DA:2,2
DA:7,2
DA:21,2
DA:22,19
DA:23,19
DA:24,19
DA:27,19
DA:28,19
DA:29,19
DA:31,19
DA:43,7
DA:47,18
DA:51,15
DA:52,2
DA:55,13
DA:57,13
DA:58,5
DA:61,8
DA:65,11
DA:67,11
DA:68,1
DA:71,10
DA:74,19
DA:75,5
DA:77,5
DA:78,2
DA:82,19
DA:83,2
DA:86,19
DA:87,2
DA:89,2
DA:90,0
DA:93,2
DA:96,19
DA:98,19
DA:99,4
DA:100,4
LF:38
LH:37
BRDA:26,0,0,6
BRDA:77,1,0,2
BRDA:77,1,1,3
BRDA:89,2,0,0
BRDA:89,2,1,2
BRDA:100,3,0,0
BRDA:100,3,1,4
BRDA:100,4,0,4
BRDA:100,4,1,4
BRDA:51,5,0,2
BRDA:51,5,1,13
BRDA:57,6,0,5
BRDA:57,6,1,8
BRDA:57,7,0,0
BRDA:57,7,1,13
BRDA:57,8,0,13
BRDA:57,8,1,13
BRDA:61,9,0,8
BRDA:61,9,1,0
BRDA:61,10,0,8
BRDA:61,10,1,8
BRDA:67,11,0,1
BRDA:67,11,1,10
BRF:23
BRH:19
end_of_record
TN:
SF:src\components\common\PhoneInput\store\index.ts
FN:1,(anonymous_0)
FNF:1
FNH:1
FNDA:12,(anonymous_0)
DA:1,13
LF:1
LH:1
BRF:0
BRH:0
end_of_record
TN:
SF:src\hooks\useListbox.ts
FN:10,(anonymous_1)
FN:23,(anonymous_2)
FN:25,(anonymous_3)
FN:34,(anonymous_4)
FN:43,(anonymous_5)
FN:56,(anonymous_6)
FN:63,(anonymous_7)
FN:64,(anonymous_8)
FN:69,(anonymous_9)
FN:77,(anonymous_10)
FN:82,(anonymous_11)
FN:91,(anonymous_12)
FN:95,(anonymous_13)
FN:121,(anonymous_14)
FN:125,(anonymous_15)
FN:129,(anonymous_16)
FNF:16
FNH:11
FNDA:13,(anonymous_1)
FNDA:1,(anonymous_2)
FNDA:1,(anonymous_3)
FNDA:1,(anonymous_4)
FNDA:1,(anonymous_5)
FNDA:1,(anonymous_6)
FNDA:3,(anonymous_7)
FNDA:6,(anonymous_8)
FNDA:9,(anonymous_9)
FNDA:9,(anonymous_10)
FNDA:0,(anonymous_11)
FNDA:1,(anonymous_12)
FNDA:0,(anonymous_13)
FNDA:0,(anonymous_14)
FNDA:0,(anonymous_15)
FNDA:0,(anonymous_16)
DA:1,1
DA:10,1
DA:16,13
DA:17,13
DA:19,13
DA:20,13
DA:21,13
DA:23,13
DA:25,13
DA:26,1
DA:27,1
DA:29,1
DA:30,1
DA:34,13
DA:35,1
DA:36,0
DA:39,1
DA:40,1
DA:43,13
DA:44,1
DA:45,0
DA:48,1
DA:49,0
DA:51,1
DA:55,13
DA:57,1
DA:58,1
DA:63,13
DA:64,3
DA:65,6
DA:69,13
DA:70,9
DA:71,8
DA:74,1
DA:77,13
DA:78,9
DA:79,8
DA:82,1
DA:83,0
DA:84,0
DA:85,0
DA:89,1
DA:91,1
DA:94,13
DA:96,0
DA:101,0
DA:103,0
DA:104,0
DA:107,0
DA:109,0
DA:110,0
DA:111,0
DA:114,0
DA:120,13
DA:122,0
DA:124,0
DA:125,0
DA:126,0
DA:128,0
DA:129,0
DA:130,0
DA:132,0
DA:133,0
DA:134,0
DA:136,0
DA:137,0
DA:138,0
DA:141,0
DA:143,0
DA:144,0
DA:147,0
DA:149,0
DA:150,0
DA:151,0
DA:153,0
DA:154,0
DA:155,0
DA:161,13
LF:78
LH:40
BRDA:14,0,0,0
BRDA:25,1,0,1
BRDA:29,2,0,1
BRDA:29,2,1,0
BRDA:30,3,0,0
BRDA:30,3,1,1
BRDA:30,4,0,1
BRDA:30,4,1,1
BRDA:35,5,0,0
BRDA:35,5,1,1
BRDA:35,6,0,1
BRDA:35,6,1,1
BRDA:39,7,0,1
BRDA:39,7,1,0
BRDA:44,8,0,0
BRDA:44,8,1,1
BRDA:48,9,0,0
BRDA:48,9,1,1
BRDA:70,10,0,8
BRDA:70,10,1,1
BRDA:70,11,0,9
BRDA:70,11,1,1
BRDA:74,12,0,0
BRDA:74,12,1,1
BRDA:74,13,0,1
BRDA:74,13,1,1
BRDA:78,14,0,8
BRDA:78,14,1,1
BRDA:83,15,0,0
BRDA:83,15,1,0
BRDA:83,16,0,0
BRDA:83,16,1,0
BRDA:83,17,0,0
BRDA:83,17,1,0
BRDA:96,18,0,0
BRDA:96,18,1,0
BRDA:96,18,2,0
BRDA:96,18,3,0
BRDA:96,18,4,0
BRDA:103,19,0,0
BRDA:103,19,1,0
BRDA:109,20,0,0
BRDA:109,20,1,0
BRDA:122,21,0,0
BRDA:122,21,1,0
BRDA:122,21,2,0
BRDA:122,21,3,0
BRDA:122,21,4,0
BRDA:122,21,5,0
BRDA:122,21,6,0
BRDA:122,21,7,0
BRDA:143,22,0,0
BRDA:143,22,1,0
BRF:53
BRH:20
end_of_record
TN:
SF:src\store\hooks\index.ts
FNF:0
FNH:0
DA:1,1
LF:1
LH:1
BRF:0
BRH:0
end_of_record
TN:
SF:src\store\hooks\useLocalStore.ts
FN:5,(anonymous_6)
FN:12,(anonymous_7)
FN:13,(anonymous_8)
FN:18,(anonymous_9)
FNF:4
FNH:4
FNDA:12,(anonymous_6)
FNDA:7,(anonymous_7)
FNDA:7,(anonymous_8)
FNDA:7,(anonymous_9)
DA:1,1
DA:5,1
DA:9,12
DA:10,12
DA:12,12
DA:13,7
DA:14,7
DA:18,12
DA:19,7
DA:20,7
DA:22,7
DA:25,0
DA:26,0
DA:30,12
LF:14
LH:12
BRDA:7,0,0,0
BRDA:14,1,0,0
BRDA:14,1,1,7
BRDA:14,2,0,7
BRDA:14,2,1,7
BRDA:19,3,0,7
BRDA:19,3,1,0
BRF:7
BRH:4
end_of_record
TN:
SF:src\test\mocks\svgReactMock.tsx
FN:3,(anonymous_6)
FNF:1
FNH:1
FNDA:9,(anonymous_6)
DA:1,1
DA:3,1
DA:4,9
DA:7,1
LF:4
LH:4
BRF:0
BRH:0
end_of_record
